<?xml version="1.0" encoding="UTF-8"?>
<!-- Generated by org.testng.reporters.JUnitReportReporter -->
<testsuite hostname="W2027393" name="MavenJenkinsPOC.MavenJenkinsPOC.Demo" tests="1" failures="0" timestamp="15 Jul 2021 17:55:22 GMT" time="8.245" errors="0">
  <testcase name="main" time="8.245" classname="MavenJenkinsPOC.MavenJenkinsPOC.Demo"/>
</testsuite> <!-- MavenJenkinsPOC.MavenJenkinsPOC.Demo -->
