<?xml version="1.0" encoding="UTF-8"?>
<!-- Generated by org.testng.reporters.JUnitReportReporter -->
<testsuite hostname="W2027393" name="MavenJenkinsPOC.MavenJenkinsPOC.Demo" tests="1" failures="0" timestamp="10 Jul 2021 09:31:59 GMT" time="4.981" errors="0">
  <testcase name="main" time="4.981" classname="MavenJenkinsPOC.MavenJenkinsPOC.Demo"/>
</testsuite> <!-- MavenJenkinsPOC.MavenJenkinsPOC.Demo -->
