<?xml version="1.0" encoding="UTF-8"?>
<!-- Generated by org.testng.reporters.JUnitReportReporter -->
<testsuite hostname="W2027393" name="MavenJenkinsPOC.MavenJenkinsPOC.Demo" tests="1" failures="0" timestamp="12 Jul 2021 09:57:07 GMT" time="1.859" errors="0">
  <testcase name="main" time="1.859" classname="MavenJenkinsPOC.MavenJenkinsPOC.Demo"/>
</testsuite> <!-- MavenJenkinsPOC.MavenJenkinsPOC.Demo -->
